c:\users\shasta\documents\repositories\practicing cpp\practicingcpp\pizzzzzzzapieusingclassesandstructs\pizzzzzzzapieusingclassesandstructs\debug\pizzzzzzzapieusingclassesandstructs.pch
c:\users\shasta\documents\repositories\practicing cpp\practicingcpp\pizzzzzzzapieusingclassesandstructs\pizzzzzzzapieusingclassesandstructs\debug\vc141.pdb
c:\users\shasta\documents\repositories\practicing cpp\practicingcpp\pizzzzzzzapieusingclassesandstructs\pizzzzzzzapieusingclassesandstructs\debug\vc141.idb
c:\users\shasta\documents\repositories\practicing cpp\practicingcpp\pizzzzzzzapieusingclassesandstructs\pizzzzzzzapieusingclassesandstructs\debug\stdafx.obj
c:\users\shasta\documents\repositories\practicing cpp\practicingcpp\pizzzzzzzapieusingclassesandstructs\pizzzzzzzapieusingclassesandstructs\debug\pizzzzzzzapieusingclassesandstructs.obj
c:\users\warre\repositories\learning cpp\practicingcpp\pizzzzzzzapieusingclassesandstructs\pizzzzzzzapieusingclassesandstructs\debug\pizzzzzzzapieusingclassesandstructs.pch
c:\users\warre\repositories\learning cpp\practicingcpp\pizzzzzzzapieusingclassesandstructs\pizzzzzzzapieusingclassesandstructs\debug\vc141.pdb
c:\users\warre\repositories\learning cpp\practicingcpp\pizzzzzzzapieusingclassesandstructs\pizzzzzzzapieusingclassesandstructs\debug\vc141.idb
c:\users\warre\repositories\learning cpp\practicingcpp\pizzzzzzzapieusingclassesandstructs\pizzzzzzzapieusingclassesandstructs\debug\stdafx.obj
c:\users\warre\repositories\learning cpp\practicingcpp\pizzzzzzzapieusingclassesandstructs\pizzzzzzzapieusingclassesandstructs\debug\pizzzzzzzapieusingclassesandstructs.obj
c:\users\shasta\documents\repositories\practicing cpp\practicingcpp\pizzzzzzzapieusingclassesandstructs\debug\pizzzzzzzapieusingclassesandstructs.ilk
c:\users\shasta\documents\repositories\practicing cpp\practicingcpp\pizzzzzzzapieusingclassesandstructs\debug\pizzzzzzzapieusingclassesandstructs.exe
c:\users\shasta\documents\repositories\practicing cpp\practicingcpp\pizzzzzzzapieusingclassesandstructs\debug\pizzzzzzzapieusingclassesandstructs.pdb
c:\users\warre\repositories\learning cpp\practicingcpp\pizzzzzzzapieusingclassesandstructs\debug\pizzzzzzzapieusingclassesandstructs.ilk
c:\users\warre\repositories\learning cpp\practicingcpp\pizzzzzzzapieusingclassesandstructs\debug\pizzzzzzzapieusingclassesandstructs.exe
c:\users\warre\repositories\learning cpp\practicingcpp\pizzzzzzzapieusingclassesandstructs\debug\pizzzzzzzapieusingclassesandstructs.pdb
c:\users\warre\repositories\learning cpp\practicingcpp\pizzzzzzzapieusingclassesandstructs\pizzzzzzzapieusingclassesandstructs\debug\pizzzzzz.adb65076.tlog\cl.command.1.tlog
c:\users\warre\repositories\learning cpp\practicingcpp\pizzzzzzzapieusingclassesandstructs\pizzzzzzzapieusingclassesandstructs\debug\pizzzzzz.adb65076.tlog\cl.read.1.tlog
c:\users\warre\repositories\learning cpp\practicingcpp\pizzzzzzzapieusingclassesandstructs\pizzzzzzzapieusingclassesandstructs\debug\pizzzzzz.adb65076.tlog\cl.write.1.tlog
c:\users\warre\repositories\learning cpp\practicingcpp\pizzzzzzzapieusingclassesandstructs\pizzzzzzzapieusingclassesandstructs\debug\pizzzzzz.adb65076.tlog\link.command.1.tlog
c:\users\warre\repositories\learning cpp\practicingcpp\pizzzzzzzapieusingclassesandstructs\pizzzzzzzapieusingclassesandstructs\debug\pizzzzzz.adb65076.tlog\link.read.1.tlog
c:\users\warre\repositories\learning cpp\practicingcpp\pizzzzzzzapieusingclassesandstructs\pizzzzzzzapieusingclassesandstructs\debug\pizzzzzz.adb65076.tlog\link.write.1.tlog
